<?xml version="1.0" encoding="UTF-8"?>
<!-- Generated by org.testng.reporters.JUnitReportReporter -->
<testsuite skipped="0" hostname="Lenovo-PC" name="testPc.NewTest" tests="1" failures="1" timestamp="01 дек 2017 08:15:33 GMT" time="0.015" errors="0">
  <testcase name="f" time="0.015" classname="testPc.NewTest">
    <failure type="java.lang.AssertionError" message="expected [{Kyiv=[
Holder iformation:

Name: Anatoliy;
Last name: Klamuk;
Date of birthday: 11.10.1988;
Addres: Kyiv / Kyiv / Zarvanska 42a;

Car information:
 
Number: AA2315BX;
Car name: Mercedes;
Model: 300 c;
Color: Black;

Сar insurance information:
 
Ins name: Full CASKO;
Year of start: 27.10.2015;
Price: 3600$;
]}] but found [{Kyiv=[
Holder iformation:

Name: Anatoliy;
Last name: Klamuk;
Date of birthday: 11.10.1988;
Addres: Kyiv / Kyiv / Zarvanska 42a;

Car information:
 
Number: AA2315BX;
Car name: Mercedes;
Model: 300 c;
Color: Black;

Сar insurance information:
 
Ins name: Full CASKO;
Year of start: 27.10.2015;
Price: 3600$;
]}]">
      <![CDATA[java.lang.AssertionError: expected [{Kyiv=[
Holder iformation:

Name: Anatoliy;
Last name: Klamuk;
Date of birthday: 11.10.1988;
Addres: Kyiv / Kyiv / Zarvanska 42a;

Car information:
 
Number: AA2315BX;
Car name: Mercedes;
Model: 300 c;
Color: Black;

Сar insurance information:
 
Ins name: Full CASKO;
Year of start: 27.10.2015;
Price: 3600$;
]}] but found [{Kyiv=[
Holder iformation:

Name: Anatoliy;
Last name: Klamuk;
Date of birthday: 11.10.1988;
Addres: Kyiv / Kyiv / Zarvanska 42a;

Car information:
 
Number: AA2315BX;
Car name: Mercedes;
Model: 300 c;
Color: Black;

Сar insurance information:
 
Ins name: Full CASKO;
Year of start: 27.10.2015;
Price: 3600$;
]}]
	at org.testng.Assert.fail(Assert.java:93)
	at org.testng.Assert.failNotEquals(Assert.java:512)
	at org.testng.Assert.assertEqualsImpl(Assert.java:134)
	at org.testng.Assert.assertEquals(Assert.java:115)
	at org.testng.Assert.assertEquals(Assert.java:189)
	at org.testng.Assert.assertEquals(Assert.java:199)
	at testPc.NewTest.f(NewTest.java:21)
	at sun.reflect.NativeMethodAccessorImpl.invoke0(Native Method)
	at sun.reflect.NativeMethodAccessorImpl.invoke(Unknown Source)
	at sun.reflect.DelegatingMethodAccessorImpl.invoke(Unknown Source)
	at java.lang.reflect.Method.invoke(Unknown Source)
	at org.testng.internal.MethodInvocationHelper.invokeMethod(MethodInvocationHelper.java:108)
	at org.testng.internal.Invoker.invokeMethod(Invoker.java:669)
	at org.testng.internal.Invoker.invokeTestMethod(Invoker.java:877)
	at org.testng.internal.Invoker.invokeTestMethods(Invoker.java:1201)
	at org.testng.internal.TestMethodWorker.invokeTestMethods(TestMethodWorker.java:125)
	at org.testng.internal.TestMethodWorker.run(TestMethodWorker.java:109)
	at org.testng.TestRunner.privateRun(TestRunner.java:776)
	at org.testng.TestRunner.run(TestRunner.java:634)
	at org.testng.SuiteRunner.runTest(SuiteRunner.java:425)
	at org.testng.SuiteRunner.runSequentially(SuiteRunner.java:420)
	at org.testng.SuiteRunner.privateRun(SuiteRunner.java:385)
	at org.testng.SuiteRunner.run(SuiteRunner.java:334)
	at org.testng.SuiteRunnerWorker.runSuite(SuiteRunnerWorker.java:52)
	at org.testng.SuiteRunnerWorker.run(SuiteRunnerWorker.java:86)
	at org.testng.TestNG.runSuitesSequentially(TestNG.java:1318)
	at org.testng.TestNG.runSuitesLocally(TestNG.java:1243)
	at org.testng.TestNG.runSuites(TestNG.java:1161)
	at org.testng.TestNG.run(TestNG.java:1129)
	at org.testng.remote.AbstractRemoteTestNG.run(AbstractRemoteTestNG.java:114)
	at org.testng.remote.RemoteTestNG.initAndRun(RemoteTestNG.java:251)
	at org.testng.remote.RemoteTestNG.main(RemoteTestNG.java:77)
]]>
    </failure>
  </testcase> <!-- f -->
</testsuite> <!-- testPc.NewTest -->
